yarn run v1.22.5
$ node ./bin/www
[0mGET /getImg/ [32m200 [0m23.059 ms - 42[0m
[0mGET /static/images/introduction/intro1.png [32m200 [0m16.417 ms - 32481[0m
[0mGET /static/images/introduction/how.jpg [32m200 [0m20.273 ms - 323893[0m
[0mGET /static/images/carousel/3.png [32m200 [0m3.861 ms - 323069[0m
[0mGET /static/images/carousel/1.png [32m200 [0m2.566 ms - 591812[0m
[0mGET /static/images/carousel/6.jpg [32m200 [0m2.695 ms - 141661[0m
[0mGET /static/images/carousel/7.jpg [32m200 [0m20.344 ms - 137035[0m
[0mGET /static/images/carousel/5.png [32m200 [0m2.323 ms - 337720[0m
[0mGET /static/images/carousel/4.png [32m200 [0m4.014 ms - 384517[0m
[0mGET /static/images/introduction/intro2.png [32m200 [0m17.916 ms - 948123[0m
[0mGET /static/images/carousel/2.png [32m200 [0m3.774 ms - 367235[0m
[0mOPTIONS /search [32m204 [0m0.849 ms - 0[0m
{ seq: 'AAAAAA', method: 1 }
[0mPOST /search [32m200 [0m140.965 ms - 1249[0m
[0mOPTIONS /search [32m204 [0m0.302 ms - 0[0m
{ seq: 'AAAAAA', method: 1 }
[0mPOST /search [32m200 [0m6.320 ms - 1249[0m
[0mGET /static/pdf/survival/AAAAAAAAAAAAAAATAASAAASAILGGR.pdf [33m404 [0m291.321 ms - 1192[0m
[0mGET /stylesheets/style.css [33m404 [0m11.766 ms - 1253[0m
[0mGET /static/pdf/survival/AAAAAAAAAAAAAAAGAGAGAK.pdf [32m200 [0m1.804 ms - 5283[0m
[0mGET / [32m200 [0m14.432 ms - 170[0m
[0mGET / [32m200 [0m14.401 ms - 170[0m
[0mGET / [32m200 [0m12.861 ms - 170[0m
[0mGET / [32m200 [0m8.011 ms - 170[0m
[0mGET / [32m200 [0m10.389 ms - 170[0m
[0mGET / [32m200 [0m8.663 ms - 170[0m
[0mGET / [32m200 [0m6.840 ms - 170[0m
[0mGET http://www.qq.com/404/search_children.js [33m404 [0m8.652 ms - 1253[0m
[0mHEAD http://httpbin.org/get?show_env=1 [33m404 [0m11.998 ms - 1253[0m
[0mGET / [32m200 [0m7.834 ms - 170[0m
[0mGET / [32m200 [0m9.282 ms - 170[0m
[0mGET / [32m200 [0m6.582 ms - 170[0m
[0mGET / [32m200 [0m6.947 ms - 170[0m
[0mGET / [32m200 [0m12.619 ms - 170[0m
[0mGET / [32m200 [0m6.457 ms - 170[0m
[0mGET http://5.188.210.227/echo.php [33m404 [0m8.272 ms - 1253[0m
[0mGET / [32m200 [0m5.773 ms - 170[0m
[0mGET http://clientapi.ipip.net/echo.php?info=20210907020338 [33m404 [0m6.759 ms - 1253[0m
[0mGET / [32m200 [0m7.809 ms - 170[0m
[0mGET / [32m200 [0m4.196 ms - 170[0m
[0mGET / [32m200 [0m4.054 ms - 170[0m
[0mGET / [32m200 [0m4.871 ms - 170[0m
[0mGET / [32m200 [0m5.946 ms - 170[0m
[0mGET http://www.qq.com/404/search_children.js [33m404 [0m7.980 ms - 1253[0m
[0mGET / [32m200 [0m5.241 ms - 170[0m
[0mGET / [32m200 [0m5.570 ms - 170[0m
[0mGET / [32m200 [0m4.262 ms - 170[0m
[0mGET / [32m200 [0m4.387 ms - 170[0m
[0mGET / [32m200 [0m4.965 ms - 170[0m
[0mGET / [32m200 [0m6.328 ms - 170[0m
[0mGET / [32m200 [0m4.004 ms - 170[0m
[0mGET http://fuwu.sogou.com/404/index.html [33m404 [0m5.852 ms - 1253[0m
[0mGET http://fuwu.sogou.com/404/index.html [33m404 [0m6.843 ms - 1253[0m
[0mGET / [32m200 [0m4.810 ms - 170[0m
[0mGET / [32m200 [0m4.106 ms - 170[0m
[0mGET / [32m200 [0m4.892 ms - 170[0m
[0mGET / [32m200 [0m5.660 ms - 170[0m
[0mGET / [32m200 [0m6.021 ms - 170[0m
[0mGET / [32m200 [0m4.483 ms - 170[0m
[0mGET /static/images/introduction/intro1.png [32m200 [0m2.938 ms - 32481[0m
[0mGET /getImg/ [32m200 [0m13.871 ms - 42[0m
[0mGET /static/images/introduction/how.jpg [32m200 [0m2.637 ms - 323893[0m
[0mGET /static/images/carousel/5.png [32m200 [0m2.794 ms - 337720[0m
[0mGET /static/images/carousel/2.png [32m200 [0m3.880 ms - 367235[0m
[0mGET /static/images/carousel/6.jpg [32m200 [0m1.343 ms - 141661[0m
[0mGET /static/images/introduction/intro2.png [32m200 [0m3.069 ms - 948123[0m
[0mGET /static/images/carousel/1.png [32m200 [0m1.338 ms - 591812[0m
[0mGET /static/images/carousel/7.jpg [32m200 [0m1.095 ms - 137035[0m
[0mGET /static/images/carousel/4.png [32m200 [0m3.209 ms - 384517[0m
[0mOPTIONS /search [32m204 [0m0.258 ms - 0[0m
{ seq: 'AAAAAAAAA', method: 0 }
[0mPOST /search [32m200 [0m4.968 ms - 2[0m
[0mGET /static/images/carousel/3.png [32m200 [0m3.496 ms - 323069[0m
{ seq: 'AAAAAAAAA', method: 2 }

[0mOPTIONS /search [32m204 [0m0.235 ms - 0[0m
{ seq: 'AAAAAAAAA', method: 2 }

{ seq: 'AAAAAAAAA', method: 2 }

{ seq: 'AAAAAAAAA', method: 2 }

{ seq: 'AAAAAAAAA', method: 1 }
[0mPOST /search [32m200 [0m4.753 ms - 951[0m
[0mPOST /search [0m- [0m- ms - -[0m
[0mPOST /search [0m- [0m- ms - -[0m
[0mPOST /search [0m- [0m- ms - -[0m
[0mPOST /search [0m- [0m- ms - -[0m
[0mGET /static/images/introduction/intro1.png [32m200 [0m4.825 ms - 32481[0m
[0mGET /getImg/ [32m200 [0m7.609 ms - 42[0m
[0mGET /static/images/introduction/how.jpg [32m200 [0m4.878 ms - 323893[0m
[0mGET /static/images/carousel/3.png [32m200 [0m2.616 ms - 323069[0m
[0mGET /static/images/carousel/1.png [32m200 [0m1.234 ms - 591812[0m
[0mGET /static/images/carousel/4.png [32m200 [0m2.488 ms - 384517[0m
[0mGET /static/images/introduction/intro2.png [32m200 [0m4.740 ms - 948123[0m
[0mGET /static/images/carousel/6.jpg [32m200 [0m0.959 ms - 141661[0m
[0mGET /static/images/carousel/7.jpg [32m200 [0m1.000 ms - 137035[0m
[0mGET /static/images/carousel/5.png [32m200 [0m1.321 ms - 337720[0m
[0mGET /static/images/carousel/2.png [32m200 [0m3.585 ms - 367235[0m
[0mOPTIONS /search [32m204 [0m0.218 ms - 0[0m
{ seq: 'AAAAAA', method: 0 }
[0mPOST /search [32m200 [0m5.470 ms - 2[0m
[0mOPTIONS /search [32m204 [0m0.278 ms - 0[0m
{ seq: 'AAAAAA', method: 1 }
[0mPOST /search [32m200 [0m4.446 ms - 1249[0m
[0mOPTIONS /search [32m204 [0m0.371 ms - 0[0m
{ seq: 'AAAAAA', method: 1 }
[0mPOST /search [32m200 [0m6.291 ms - 1249[0m
[0mOPTIONS /search [32m204 [0m0.286 ms - 0[0m
{ seq: 'AAAAAA', method: 1 }
[0mPOST /search [32m200 [0m4.878 ms - 1249[0m
[0mOPTIONS /search [32m204 [0m0.204 ms - 0[0m
{ seq: 'AAAAAA', method: 1 }
[0mPOST /search [32m200 [0m4.000 ms - 1249[0m
[0mOPTIONS /search [32m204 [0m0.509 ms - 0[0m
{ seq: 'AAAAAA', method: 1 }
[0mPOST /search [32m200 [0m5.479 ms - 1249[0m
[0mOPTIONS /search [32m204 [0m0.375 ms - 0[0m
{ seq: 'AAAAA', method: 1 }
[0mPOST /search [32m200 [0m4.706 ms - 1249[0m
[0mOPTIONS /search [32m204 [0m0.223 ms - 0[0m
{ seq: 'AAAAA', method: 0 }
[0mPOST /search [32m200 [0m4.906 ms - 2[0m
[0mOPTIONS /search [32m204 [0m0.211 ms - 0[0m
{ seq: 'AAAAA', method: 1 }
[0mPOST /search [32m200 [0m6.511 ms - 1249[0m
[0mGET / [0m- [0m- ms - -[0m
[0mGET / [32m200 [0m5.831 ms - 170[0m
[0mGET /.DS_Store [33m404 [0m5.053 ms - 1253[0m
[0mGET / [32m200 [0m4.542 ms - 170[0m
[0mGET /static/images/carousel/1.png [36m304 [0m1.315 ms - -[0m
[0mGET /static/images/carousel/3.png [36m304 [0m1.538 ms - -[0m
[0mGET /static/images/carousel/2.png [36m304 [0m1.715 ms - -[0m
[0mGET /static/images/carousel/7.jpg [36m304 [0m1.758 ms - -[0m
[0mGET /static/images/carousel/4.png [36m304 [0m1.086 ms - -[0m
[0mGET /static/images/carousel/5.png [36m304 [0m1.150 ms - -[0m
[0mGET /static/images/carousel/6.jpg [36m304 [0m0.614 ms - -[0m
[0mHEAD / [32m200 [0m3.855 ms - 170[0m
[0mGET /system_api.php [33m404 [0m5.813 ms - 1253[0m
[0mGET /c/version.js [33m404 [0m6.368 ms - 1253[0m
[0mGET /streaming/clients_live.php [33m404 [0m6.280 ms - 1253[0m
[0mGET /stalker_portal/c/version.js [33m404 [0m5.047 ms - 1253[0m
[0mGET /stream/live.php [33m404 [0m5.725 ms - 1253[0m
[0mGET /flu/403.html [33m404 [0m6.126 ms - 1253[0m
[0mGET / [32m200 [0m4.957 ms - 170[0m
[0mGET / [32m200 [0m8.879 ms - 170[0m
[0mGET / [32m200 [0m4.125 ms - 170[0m
[0mGET / [32m200 [0m4.557 ms - 170[0m
[0mGET / [32m200 [0m5.049 ms - 170[0m
[0mGET /nmaplowercheck1631231164 [33m404 [0m5.449 ms - 1253[0m
[0mGET /HNAP1 [33m404 [0m6.180 ms - 1253[0m
[0mGET /evox/about [33m404 [0m5.604 ms - 1253[0m
[0mGET / [32m200 [0m14.976 ms - 170[0m
[0mPOST /sdk [33m404 [0m10.289 ms - 1253[0m
[0mGET / [32m200 [0m4.445 ms - 170[0m
[0mGET / [32m200 [0m4.778 ms - 170[0m
[0mGET / [32m200 [0m5.668 ms - 170[0m
[0mGET /favicon.ico [33m404 [0m7.505 ms - 1253[0m
[0mGET / [32m200 [0m5.163 ms - 170[0m
[0mHEAD http://112.124.42.80:63435/ [32m200 [0m4.850 ms - 170[0m
[0mGET / [32m200 [0m4.653 ms - 170[0m
[0mGET / [32m200 [0m4.388 ms - 170[0m
[0mGET /nmaplowercheck1631253951 [33m404 [0m5.768 ms - 1253[0m
[0mGET /evox/about [33m404 [0m6.922 ms - 1253[0m
[0mGET / [32m200 [0m5.623 ms - 170[0m
[0mGET /HNAP1 [33m404 [0m6.922 ms - 1253[0m
[0mPOST /sdk [33m404 [0m4.722 ms - 1253[0m
[0mGET / [32m200 [0m4.590 ms - 170[0m
[0mGET / [32m200 [0m4.422 ms - 170[0m
[0mGET / [32m200 [0m4.531 ms - 170[0m
[0mGET / [32m200 [0m5.480 ms - 170[0m
[0mGET / [32m200 [0m3.522 ms - 170[0m
[0mGET / [32m200 [0m4.504 ms - 170[0m
[0mGET / [32m200 [0m6.230 ms - 170[0m
[0mGET / [32m200 [0m3.758 ms - 170[0m
[0mGET / [32m200 [0m3.789 ms - 170[0m
[0mGET / [32m200 [0m5.096 ms - 170[0m
[0mGET /nmaplowercheck1631335091 [33m404 [0m9.970 ms - 1253[0m
[0mPOST /sdk [33m404 [0m5.905 ms - 1253[0m
[0mGET /evox/about [33m404 [0m4.774 ms - 1253[0m
[0mGET /HNAP1 [33m404 [0m5.340 ms - 1253[0m
[0mGET / [32m200 [0m4.594 ms - 170[0m
[0mGET / [32m200 [0m3.851 ms - 170[0m
[0mGET / [32m200 [0m5.685 ms - 170[0m
[0mGET / [32m200 [0m4.649 ms - 170[0m
[0mGET / [32m200 [0m6.136 ms - 170[0m
[0mGET / [32m200 [0m5.468 ms - 170[0m
[0mGET / [32m200 [0m5.806 ms - 170[0m
[0mGET / [32m200 [0m4.761 ms - 170[0m
[0mGET / [32m200 [0m3.499 ms - 170[0m
[0mGET / [32m200 [0m4.564 ms - 170[0m
[0mHEAD http://httpbin.org/get?show_env=1 [33m404 [0m7.245 ms - 1253[0m
[0mGET / [32m200 [0m4.530 ms - 170[0m
[0mGET /nmaplowercheck1631422031 [33m404 [0m6.052 ms - 1253[0m
[0mGET /HNAP1 [33m404 [0m4.716 ms - 1253[0m
[0mPOST /sdk [33m404 [0m4.741 ms - 1253[0m
[0mGET /evox/about [33m404 [0m5.595 ms - 1253[0m
[0mGET / [32m200 [0m6.374 ms - 170[0m
[0mGET / [32m200 [0m4.355 ms - 170[0m
[0mGET / [32m200 [0m4.432 ms - 170[0m
[0mGET / [32m200 [0m3.712 ms - 170[0m
[0mGET / [32m200 [0m4.219 ms - 170[0m
[0mGET / [32m200 [0m4.487 ms - 170[0m
[0mGET / [32m200 [0m3.522 ms - 170[0m
[0mGET / [32m200 [0m4.673 ms - 170[0m
[0mHEAD http://110.242.68.4/ [32m200 [0m4.686 ms - 170[0m
[0mGET http://www.epochtimes.com/ [32m200 [0m4.374 ms - 170[0m
[0mGET http://www.soso.com/ [32m200 [0m4.381 ms - 170[0m
[0mGET http://www.wujieliulan.com/ [32m200 [0m4.622 ms - 170[0m
[0mGET http://www.rfa.org/english/ [33m404 [0m4.953 ms - 1253[0m
[0mGET http://www.minghui.org/ [32m200 [0m4.251 ms - 170[0m
[0mGET http://dongtaiwang.com/ [32m200 [0m4.621 ms - 170[0m
[0mGET / [32m200 [0m7.275 ms - 170[0m
[0mGET / [32m200 [0m3.804 ms - 170[0m
[0mGET /favicon.ico [33m404 [0m4.245 ms - 1253[0m
[0mGET /robots.txt [33m404 [0m5.260 ms - 1253[0m
[0mGET /.well-known/security.txt [33m404 [0m5.118 ms - 1253[0m
[0mGET / [32m200 [0m3.639 ms - 170[0m
[0mGET / [32m200 [0m4.341 ms - 170[0m
[0mGET / [32m200 [0m4.632 ms - 170[0m
[0mGET / [32m200 [0m3.600 ms - 170[0m
[0mGET / [32m200 [0m5.144 ms - 170[0m
[0mGET http://clientapi.ipip.net/echo.php?info=20210913085902 [33m404 [0m5.069 ms - 1253[0m
[0mGET / [32m200 [0m4.412 ms - 170[0m
[0mPOST http://check.best-proxies.ru/ip.php?Z70487776432Q1 [33m404 [0m6.449 ms - 1253[0m
[0mHEAD http://110.242.68.4/ [32m200 [0m3.724 ms - 170[0m
[0mGET http://www.epochtimes.com/ [32m200 [0m5.234 ms - 170[0m
[0mGET http://www.minghui.org/ [32m200 [0m4.629 ms - 170[0m
[0mGET http://www.soso.com/ [32m200 [0m3.555 ms - 170[0m
[0mGET http://dongtaiwang.com/ [32m200 [0m4.401 ms - 170[0m
[0mGET http://www.rfa.org/english/ [33m404 [0m4.608 ms - 1253[0m
[0mGET http://www.wujieliulan.com/ [32m200 [0m4.068 ms - 170[0m
[0mGET / [32m200 [0m4.698 ms - 170[0m
[0mGET / [32m200 [0m4.767 ms - 170[0m
[0mGET /sysConfig/getVersionInfo.action [33m404 [0m4.197 ms - 1253[0m
[0mGET /common/js/cms.const.js [33m404 [0m4.889 ms - 1253[0m
[0mGET /doc/script/common.js [33m404 [0m5.033 ms - 1253[0m
[0mGET /doc/script/lib/seajs/config/sea-config.js [33m404 [0m4.702 ms - 1253[0m
[0mGET /ISAPI/Security/sessionLogin/capabilities?username=admin [33m404 [0m4.187 ms - 1253[0m
[0mGET /SDK/language [33m404 [0m4.992 ms - 1253[0m
[0mGET /web_caps/webCapsConfig [33m404 [0m6.070 ms - 1253[0m
[0mGET /custom_lang/SimpChinese.txt [33m404 [0m4.850 ms - 1253[0m
[0mGET /cap.js [33m404 [0m4.032 ms - 1253[0m
[0mGET /cgi-bin/main-cgi?json=%7B%22cmd%22:%20116%7D [33m404 [0m5.637 ms - 1253[0m
[0mGET /js/device_type.js [33m404 [0m6.944 ms - 1253[0m
[0mGET /js/ComScript.js [33m404 [0m4.867 ms - 1253[0m
[0mGET /Static/Style/Main.css [33m404 [0m4.349 ms - 1192[0m
[0mGET /Script/Public/Language.js.php?lang=H3CMPP.Lang.Error%7CH3CMPP.Lang.Public%7CH3CMPP.Lang.Index%7CH3CMPP.Lang.DevManage [33m404 [0m3.857 ms - 1253[0m
[0mGET /Script/Public/xmlFn.js [33m404 [0m4.629 ms - 1253[0m
[0mGET /index_en.htm [33m404 [0m4.539 ms - 1253[0m
[0mGET /web-static/lib/ajax.js [33m404 [0m3.588 ms - 1253[0m
[0mGET /home/monitoring.cgi [33m404 [0m3.545 ms - 1253[0m
[0mGET /index.html?lang=zh-hans [33m404 [0m4.183 ms - 1253[0m
[0mGET /command/inquiry.cgi?inqjs=system&inqjs=camera [33m404 [0m4.159 ms - 1253[0m
[0mGET /view/viewer_index.shtml [33m404 [0m3.634 ms - 1253[0m
[0mGET /browse/index.asp [33m404 [0m3.283 ms - 1253[0m
[0mGET /cgi-bin/webviewer?action=live&ip=&port= [33m404 [0m3.910 ms - 1253[0m
[0mGET /js/language_webviewer.js [33m404 [0m4.075 ms - 1253[0m
[0mGET /doc/page/login.asp [33m404 [0m3.542 ms - 1253[0m
[0mGET /live/index2.html?Language=0 [33m404 [0m3.650 ms - 1253[0m
[0mGET /portal/include/script/dahuaDefined/headCommon.js [33m404 [0m4.053 ms - 1253[0m
[0mGET /js/utils.js [33m404 [0m4.156 ms - 1253[0m
[0mGET /webui/js/utils.js [33m404 [0m6.235 ms - 1253[0m
[0mGET /ISAPI/SDK/activateStatus [33m404 [0m3.498 ms - 1253[0m
[0mGET /ISAPI/System/deviceInfo [33m404 [0m4.001 ms - 1253[0m
[0mGET /ivms-js/util/FinanceUtil.js [33m404 [0m4.595 ms - 1253[0m
[0mGET /SDK/activateStatus [33m404 [0m3.403 ms - 1253[0m
[0mGET /PTIONS%20rtsp://%7B$IP%7D:%7B$PORT%7D/ISAPI/streaming/channels/101%20RTSP/1.0%0ACSeq:%202%0AUser-Agent:%20LibVLC/2.2.1%20(LIVE555%20Streaming%20Media%20v2014.07.25)%0A%0A [33m404 [0m3.807 ms - 1253[0m
[0mGET /EX(a005006000000000e3c528fd4a5423097002649afa552404040200010000a1aa) [33m404 [0m4.788 ms - 1253[0m
[0mGET /EX(00) [33m404 [0m3.556 ms - 1253[0m
[0mGET /web-static/locale/zh_CN/lan.js [33m404 [0m3.336 ms - 1253[0m
[0mGET /web-static/locale/zh_CN/help.js [33m404 [0m4.252 ms - 1253[0m
[0mGET /login.htm [33m404 [0m3.545 ms - 1253[0m
[0mGET /doc/script/Translator.js [33m404 [0m3.535 ms - 1253[0m
[0mGET /cgi-bin/guestimage.html [33m404 [0m4.065 ms - 1253[0m
[0mGET /auth_index.htm?lang=en&loginvalue=0&port=0 [33m404 [0m3.442 ms - 1253[0m
[0mGET /video.html [33m404 [0m4.747 ms - 1253[0m
[0mGET /view/index.shtml [33m404 [0m3.919 ms - 1253[0m
[0mGET /index_cn.htm [33m404 [0m3.964 ms - 1253[0m
[0mGET /cgi-bin/start.cgi?UID=-1&TEMP=8747 [33m404 [0m5.077 ms - 1253[0m
[0mGET /vrmcockpit/index.html [33m404 [0m3.445 ms - 1253[0m
[0mGET /control/userimage.html [33m404 [0m3.475 ms - 1253[0m
[0mGET /live/index.html?Language=1&ViewMode=pull [33m404 [0m3.413 ms - 1253[0m
[0mGET /live/index.html?Language=12 [33m404 [0m3.398 ms - 1253[0m
[0mGET /index1.htm [33m404 [0m4.059 ms - 1253[0m
[0mGET /viewer/live/en/live.html [33m404 [0m3.407 ms - 1253[0m
[0mGET /viewer/live/index.html?lang=zh [33m404 [0m4.156 ms - 1253[0m
[0mGET /CgiStart?page=Multi&Language=12 [33m404 [0m4.169 ms - 1253[0m
[0mGET /CgiStart?page=Top&Language=12 [33m404 [0m3.373 ms - 1253[0m
[0mGET /CgiStart [33m404 [0m3.353 ms - 1253[0m
[0mGET /cgi-bin/luci [33m404 [0m3.521 ms - 1253[0m
[0mGET /cgi-bin/webproc [33m404 [0m3.396 ms - 1253[0m
[0mGET /skin/blue/images/login/login-bg.png [33m404 [0m4.331 ms - 1253[0m
[0mGET /skin/red/image/logo.png [33m404 [0m3.455 ms - 1253[0m
[0mGET /skin/images/login/login-bg.png [33m404 [0m7.514 ms - 1253[0m
[0mGET /common/css/images/login/Logo.png [33m404 [0m4.640 ms - 1253[0m
[0mGET /skin/red/locale/5000/hik/zh_CN/images/login/login-bg.png [33m404 [0m6.902 ms - 1253[0m
[0mGET /favicon.ico [33m404 [0m3.855 ms - 1253[0m
[0mGET /common/css/images/ico/favicon.ico [33m404 [0m5.703 ms - 1253[0m
[0mGET /skin/red/locale/zh_CN/images/login/login-bg.png [33m404 [0m4.941 ms - 1253[0m
[0mGET /skin/blue/images/login/login-bg-neuter.png [33m404 [0m4.552 ms - 1253[0m
[0mGET /skin/blue/images/login/login-btn.png [33m404 [0m3.589 ms - 1253[0m
[0mGET /images/Red/Login/Login_bg.png [33m404 [0m3.837 ms - 1253[0m
[0mGET /images/Red/Login/Login_btn.png [33m404 [0m4.542 ms - 1253[0m
[0mGET /data/image/blue/loginLogo.png [33m404 [0m4.473 ms - 1253[0m
[0mGET /cas/baseui/themes/default/images/login/logo.gif [33m404 [0m3.683 ms - 1253[0m
[0mGET /images/login_bg.png [33m404 [0m3.755 ms - 1253[0m
[0mGET /cas/css/images/login_logo.png [33m404 [0m4.795 ms - 1253[0m
[0mGET /skin/red/locale/zh_CN/images/login/Login_bg2.png [33m404 [0m6.376 ms - 1253[0m
[0mGET /doc/ui/images/login.jpg [33m404 [0m3.817 ms - 1253[0m
[0mGET /doc/ui/images/logo.png [33m404 [0m3.995 ms - 1253[0m
[0mGET /images/logo.gif [33m404 [0m4.295 ms - 1253[0m
[0mGET /res/oem/loginlogo.png [33m404 [0m3.637 ms - 1253[0m
[0mGET /images/lg_bg.jpg [33m404 [0m3.885 ms - 1253[0m
[0mGET /doc/ui/images/login.png [33m404 [0m4.130 ms - 1253[0m
[0mGET /image/logo.jpg?version=2.210 [33m404 [0m4.634 ms - 1253[0m
[0mGET /image/loginlogo.jpg?version=2.210 [33m404 [0m5.015 ms - 1253[0m
[0mGET /image/icons.png?version=2.400 [33m404 [0m5.001 ms - 1253[0m
[0mGET /image/loginlogo-dh.jpg?version=2.400 [33m404 [0m3.331 ms - 1253[0m
[0mGET /portal/include/styles/common/favicon.ico [33m404 [0m3.566 ms - 1253[0m
[0mGET /ewm.png [33m404 [0m4.182 ms - 1253[0m
[0mGET /images/logo.png [33m404 [0m3.582 ms - 1253[0m
[0mGET /images/cn_logo_login_1.gif [33m404 [0m3.504 ms - 1253[0m
[0mGET /Static/Images/logo/logo.png [33m404 [0m3.665 ms - 1192[0m
[0mGET /skin/default_1/images/logo.png [33m404 [0m3.646 ms - 1253[0m
[0mGET /images/main/smallico.png [33m404 [0m4.319 ms - 1253[0m
[0mGET /cu/favicon.ico [33m404 [0m3.420 ms - 1253[0m
[0mGET /images/main/logo.png [33m404 [0m3.318 ms - 1253[0m
[0mGET /web-static/images/logo.png [33m404 [0m6.506 ms - 1253[0m
[0mGET /web-static/images/user.png [33m404 [0m6.329 ms - 1253[0m
[0mGET /web-static/images/unlock.png [33m404 [0m3.510 ms - 1253[0m
[0mGET /images/Loginback.jpg [33m404 [0m4.185 ms - 1253[0m
[0mGET /image/login/login_main.png [33m404 [0m3.600 ms - 1253[0m
[0mGET /img/top_back.jpg [33m404 [0m3.499 ms - 1253[0m
[0mGET /image/login04.png [33m404 [0m3.920 ms - 1253[0m
[0mGET /doc/images/login/login_bg.png [33m404 [0m6.863 ms - 1253[0m
[0mGET /image/loginLogo.png [33m404 [0m3.758 ms - 1253[0m
[0mGET /images/logo_en.gif [33m404 [0m3.913 ms - 1253[0m
[0mGET /l_topLogo.gif [33m404 [0m6.957 ms - 1253[0m
[0mGET /img5/login_logo.png [33m404 [0m4.366 ms - 1253[0m
[0mGET /login.jpg [33m404 [0m3.150 ms - 1253[0m
[0mGET /pic/logo.jpg [33m404 [0m4.502 ms - 1253[0m
[0mGET /portal/skin/redblack/image/login-pic.png [33m404 [0m4.277 ms - 1253[0m
[0mGET /isecure/init/images/login-default-background.png [33m404 [0m3.594 ms - 1253[0m
[0mGET /web-static/themes/neoteric/img/tp-link_blue.png [33m404 [0m3.671 ms - 1253[0m
[0mGET /web-static/favicon.ico [33m404 [0m4.205 ms - 1253[0m
[0mGET /Webedit/images/lightness/logo-zh-CN.png [33m404 [0m3.283 ms - 1253[0m
[0mGET /custom_logo/web_logo.png [33m404 [0m3.268 ms - 1253[0m
[0mGET /image/logo.jpg [33m404 [0m3.347 ms - 1253[0m
[0mGET /doc/images/login/login_14.png [33m404 [0m3.368 ms - 1253[0m
[0mGET /home_SNC-M1W.gif [33m404 [0m4.486 ms - 1253[0m
[0mGET /image/title_l_30n.png [33m404 [0m3.349 ms - 1253[0m
[0mGET /image/sony.png [33m404 [0m5.663 ms - 1253[0m
[0mGET /image/title_tile.png [33m404 [0m4.560 ms - 1253[0m
[0mGET /image/spot.gif [33m404 [0m3.464 ms - 1253[0m
[0mGET /image/login.png [33m404 [0m3.553 ms - 1253[0m
[0mGET /pics/UpperRight.gif [33m404 [0m5.410 ms - 1253[0m
[0mGET /pics/AxisLogo.gif [33m404 [0m3.722 ms - 1253[0m
[0mGET /cu/images/logo_cn.png [33m404 [0m3.883 ms - 1253[0m
[0mGET /cu/images/Banner_cu_nofont.png [33m404 [0m3.511 ms - 1253[0m
[0mGET /resources/interface/login/Login-StandardEdition.png [33m404 [0m3.401 ms - 1253[0m
[0mGET /b_tittle_WJNV200.gif [33m404 [0m3.640 ms - 1253[0m
[0mGET /resources/default/images/login/login_03.png [33m404 [0m3.796 ms - 1253[0m
[0mGET /image/login_logo.jpg [33m404 [0m6.906 ms - 1253[0m
[0mGET /img/Logo.png [33m404 [0m4.997 ms - 1253[0m
[0mGET /nobody/jpg/banner.jpg [33m404 [0m3.189 ms - 1253[0m
[0mGET /nobody/jpg/mem.jpg [33m404 [0m4.563 ms - 1253[0m
[0mGET /local/viewer/xlinkAni%5B1%5D.gif [33m404 [0m3.420 ms - 1253[0m
[0mGET /local/viewer/Multilogo.gif [33m404 [0m4.056 ms - 1253[0m
[0mGET /shared/img/logo.png [33m404 [0m3.281 ms - 1253[0m
[0mGET /brander/swi.png [33m404 [0m5.252 ms - 1253[0m
[0mGET /brander/aceLogo.png [33m404 [0m3.563 ms - 1253[0m
[0mGET /decor/Cam_Kachel_grau.gif [33m404 [0m4.362 ms - 1253[0m
[0mGET /images/login-logo.png [33m404 [0m3.707 ms - 1253[0m
[0mGET /images/1.png [33m404 [0m3.149 ms - 1253[0m
[0mGET /images/loginbg2.jpg [33m404 [0m3.341 ms - 1253[0m
[0mGET /imgs/n001.jpg [33m404 [0m3.472 ms - 1253[0m
[0mGET /imgs/login_all.jpg [33m404 [0m3.355 ms - 1253[0m
[0mGET /imgt/logo_nuuo.gif [33m404 [0m3.923 ms - 1253[0m
[0mGET /imgt/login_all.gif [33m404 [0m3.547 ms - 1253[0m
[0mGET /Header_Logo.jpg [33m404 [0m3.292 ms - 1253[0m
[0mGET /Polycom.gif [33m404 [0m3.343 ms - 1253[0m
[0mGET /ViewStation.gif [33m404 [0m3.505 ms - 1253[0m
[0mGET /images/Login02.gif [33m404 [0m4.167 ms - 1253[0m
[0mGET /img/logo.gif [33m404 [0m3.216 ms - 1253[0m
[0mGET /viewer/common/img/unconnected.gif [33m404 [0m4.321 ms - 1253[0m
[0mGET /lalogo.png [33m404 [0m3.236 ms - 1253[0m
[0mGET /logo.png [33m404 [0m5.914 ms - 1253[0m
[0mGET /pic/logo.gif [33m404 [0m3.267 ms - 1253[0m
[0mGET /pic/wallppr.jpg [33m404 [0m3.321 ms - 1253[0m
[0mGET /images/logo_kguard.jpg [33m404 [0m3.211 ms - 1253[0m
[0mGET /jpg/login_3.jpg [33m404 [0m3.475 ms - 1253[0m
[0mGET /jpg/login_5.jpg [33m404 [0m3.237 ms - 1253[0m
[0mGET /jpg/login_7.jpg [33m404 [0m3.283 ms - 1253[0m
[0mGET /jpg/login_8.jpg [33m404 [0m4.616 ms - 1253[0m
[0mGET /top.jpg [33m404 [0m3.334 ms - 1253[0m
[0mGET /images/logo_swann.jpg [33m404 [0m5.103 ms - 1253[0m
[0mGET /pic/LV%20logo.jpg [33m404 [0m3.301 ms - 1253[0m
[0mGET /images/escam.jpg [33m404 [0m3.345 ms - 1253[0m
[0mGET /images/title.jpg [33m404 [0m3.449 ms - 1253[0m
[0mGET / [32m200 [0m10.648 ms - 170[0m
[0mGET / [32m200 [0m10.320 ms - 170[0m
[0mGET / [32m200 [0m9.681 ms - 170[0m
[0mGET / [32m200 [0m14.969 ms - 170[0m
[0mGET / [32m200 [0m9.041 ms - 170[0m
[0mGET / [32m200 [0m15.383 ms - 170[0m
[0mGET / [32m200 [0m9.552 ms - 170[0m
[0mGET / [32m200 [0m5.801 ms - 170[0m
[0mGET / [32m200 [0m5.964 ms - 170[0m
[0mGET / [32m200 [0m10.217 ms - 170[0m
[0mPOST http://proxy.kagda.ru/myip2.php?Z70487776432Q1 [33m404 [0m11.801 ms - 1253[0m
[0mGET / [32m200 [0m8.649 ms - 170[0m
[0mGET / [32m200 [0m9.441 ms - 170[0m
[0mGET / [32m200 [0m5.623 ms - 170[0m
[0mGET / [32m200 [0m8.966 ms - 170[0m
[0mGET / [32m200 [0m9.824 ms - 170[0m
[0mGET / [32m200 [0m7.746 ms - 170[0m
[0mGET / [32m200 [0m9.632 ms - 170[0m
[0mGET / [32m200 [0m5.033 ms - 170[0m
[0mGET / [32m200 [0m5.161 ms - 170[0m
[0mGET / [32m200 [0m4.138 ms - 170[0m
[0mGET / [32m200 [0m4.926 ms - 170[0m
[0mGET / [32m200 [0m5.852 ms - 170[0m
[0mGET / [32m200 [0m16.329 ms - 170[0m
[0mGET / [32m200 [0m6.497 ms - 170[0m
[0mGET / [32m200 [0m4.825 ms - 170[0m
[0mGET / [32m200 [0m4.572 ms - 170[0m
[0mGET / [32m200 [0m7.984 ms - 170[0m
[0mGET / [32m200 [0m4.835 ms - 170[0m
[0mHEAD / [32m200 [0m5.225 ms - 170[0m
[0mGET /system_api.php [33m404 [0m5.938 ms - 1253[0m
[0mGET /c/version.js [33m404 [0m8.580 ms - 1253[0m
[0mGET /streaming/clients_live.php [33m404 [0m5.856 ms - 1253[0m
[0mGET /stalker_portal/c/version.js [33m404 [0m5.346 ms - 1253[0m
[0mGET /stream/live.php [33m404 [0m4.502 ms - 1253[0m
[0mGET /flu/403.html [33m404 [0m4.482 ms - 1253[0m
[0mGET http://clientapi.ipip.net/echo.php?info=20210915215017 [33m404 [0m5.080 ms - 1253[0m
[0mGET / [32m200 [0m9.396 ms - 170[0m
[0mGET / [32m200 [0m3.751 ms - 170[0m
[0mGET / [32m200 [0m5.023 ms - 170[0m
[0mGET / [32m200 [0m5.790 ms - 170[0m
[0mPOST http://api.ipify.org/?Z70487776432Q1 [33m404 [0m5.431 ms - 1253[0m
[0mGET / [32m200 [0m4.849 ms - 170[0m
[0mGET / [32m200 [0m6.266 ms - 170[0m
[0mGET / [32m200 [0m5.345 ms - 170[0m
[0mGET / [32m200 [0m4.219 ms - 170[0m
[0mGET / [32m200 [0m4.850 ms - 170[0m
[0mGET / [32m200 [0m4.886 ms - 170[0m
[0mGET / [32m200 [0m4.047 ms - 170[0m
[0mGET / [32m200 [0m3.932 ms - 170[0m
[0mGET / [32m200 [0m4.668 ms - 170[0m
[0mHEAD /robots.txt [33m404 [0m6.623 ms - 1253[0m
[0mGET / [32m200 [0m5.095 ms - 170[0m
[0mGET / [32m200 [0m5.896 ms - 170[0m
[0mGET / [32m200 [0m4.535 ms - 170[0m
[0mPOST http://api.ipify.org/?Z70487776432Q1 [33m404 [0m4.429 ms - 1253[0m
[0mHEAD http://110.242.68.4/ [32m200 [0m3.708 ms - 170[0m
[0mGET http://www.rfa.org/english/ [33m404 [0m6.689 ms - 1253[0m
[0mGET http://www.wujieliulan.com/ [32m200 [0m5.103 ms - 170[0m
[0mGET http://www.minghui.org/ [32m200 [0m6.788 ms - 170[0m
[0mGET http://www.soso.com/ [32m200 [0m5.335 ms - 170[0m
[0mGET http://www.epochtimes.com/ [32m200 [0m8.049 ms - 170[0m
[0mGET http://dongtaiwang.com/ [32m200 [0m3.835 ms - 170[0m
[0mGET / [32m200 [0m4.490 ms - 170[0m
[0mGET http://fuwu.sogou.com/404/index.html [33m404 [0m6.255 ms - 1253[0m
[0mGET http://fuwu.sogou.com/404/index.html [33m404 [0m5.450 ms - 1253[0m
[0mGET / [32m200 [0m3.800 ms - 170[0m
[0mGET / [32m200 [0m5.651 ms - 170[0m
[0mGET / [32m200 [0m4.404 ms - 170[0m
[0mGET / [32m200 [0m3.764 ms - 170[0m
[0mGET / [32m200 [0m4.851 ms - 170[0m
[0mGET / [32m200 [0m6.129 ms - 170[0m
[0mGET / [32m200 [0m4.295 ms - 170[0m
[0mGET / [32m200 [0m8.067 ms - 170[0m
[0mGET / [32m200 [0m4.899 ms - 170[0m
[0mHEAD http://110.242.68.4/ [32m200 [0m4.327 ms - 170[0m
[0mGET http://www.rfa.org/english/ [33m404 [0m5.248 ms - 1253[0m
[0mGET http://www.soso.com/ [32m200 [0m4.486 ms - 170[0m
[0mGET http://dongtaiwang.com/ [32m200 [0m4.578 ms - 170[0m
[0mGET http://www.minghui.org/ [32m200 [0m4.181 ms - 170[0m
[0mPOST http://fingerprints.bablosoft.com/ip?Z70487776432Q1 [33m404 [0m4.914 ms - 1253[0m
[0mGET http://www.epochtimes.com/ [32m200 [0m4.626 ms - 170[0m
[0mGET http://www.wujieliulan.com/ [32m200 [0m3.709 ms - 170[0m
[0mGET / [32m200 [0m4.109 ms - 170[0m
[0mGET / [32m200 [0m4.598 ms - 170[0m
[0mGET / [32m200 [0m3.855 ms - 170[0m
[0mGET /favicon.ico [33m404 [0m5.561 ms - 1253[0m
[0mGET /robots.txt [33m404 [0m5.052 ms - 1253[0m
[0mGET / [32m200 [0m5.419 ms - 170[0m
[0mGET / [32m200 [0m3.643 ms - 170[0m
[0mGET / [32m200 [0m4.816 ms - 170[0m
[0mGET / [32m200 [0m5.077 ms - 170[0m
[0mGET / [32m200 [0m5.575 ms - 170[0m
[0mGET / [32m200 [0m3.971 ms - 170[0m
[0mGET /static/images/introduction/intro1.png [32m200 [0m1.092 ms - 32481[0m
[0mGET /getImg/ [32m200 [0m7.075 ms - 42[0m
[0mGET /static/images/carousel/2.png [32m200 [0m1.209 ms - 367235[0m
[0mGET /static/images/introduction/how.jpg [32m200 [0m1.902 ms - 323893[0m
[0mGET /static/images/carousel/3.png [32m200 [0m1.201 ms - 323069[0m
[0mGET /static/images/carousel/1.png [32m200 [0m2.238 ms - 591812[0m
[0mGET /static/images/carousel/5.png [32m200 [0m2.184 ms - 337720[0m
[0mGET /getImg/ [32m200 [0m7.046 ms - -[0m
[0mGET /static/images/carousel/6.jpg [32m200 [0m1.385 ms - 141661[0m
[0mGET /static/images/introduction/intro2.png [32m200 [0m1.931 ms - 948123[0m
[0mGET /static/images/carousel/7.jpg [32m200 [0m1.209 ms - 137035[0m
[0mGET /static/images/carousel/4.png [32m200 [0m1.188 ms - 384517[0m
[0mGET /getImg/ [32m200 [0m8.051 ms - -[0m
[0mGET /static/images/introduction/intro1.png [32m200 [0m3.953 ms - 32481[0m
[0mGET /getImg/ [32m200 [0m10.827 ms - 42[0m
[0mGET /static/images/introduction/intro2.png [32m200 [0m2.668 ms - 948123[0m
[0mGET /static/images/introduction/how.jpg [32m200 [0m4.125 ms - 323893[0m
[0mGET /static/images/carousel/2.png [32m200 [0m1.214 ms - 367235[0m
[0mGET /static/images/carousel/1.png [32m200 [0m1.285 ms - 591812[0m
[0mGET /static/images/carousel/3.png [32m200 [0m1.141 ms - 323069[0m
[0mGET /static/images/carousel/6.jpg [32m200 [0m0.971 ms - 141661[0m
[0mGET /static/images/carousel/5.png [32m200 [0m1.151 ms - 337720[0m
[0mGET /static/images/carousel/7.jpg [32m200 [0m2.624 ms - 137035[0m
[0mGET /static/images/carousel/4.png [32m200 [0m1.137 ms - 384517[0m
[0mGET /getImg/ [32m200 [0m8.197 ms - -[0m
[0mGET /getImg/ [32m200 [0m7.593 ms - -[0m
[0mGET /getImg/ [32m200 [0m13.513 ms - -[0m
[0mGET http://example.com/ [32m200 [0m10.665 ms - 170[0m
[0mGET /getImg/ [32m200 [0m8.243 ms - -[0m
[0mGET /getImg/ [32m200 [0m7.397 ms - -[0m
[0mGET /getImg/ [32m200 [0m7.770 ms - -[0m
[0mGET /static/images/carousel/1.png [36m304 [0m1.592 ms - -[0m
[0mGET /static/images/carousel/2.png [36m304 [0m1.815 ms - -[0m
[0mGET /static/images/carousel/4.png [36m304 [0m1.050 ms - -[0m
[0mGET /static/images/carousel/3.png [36m304 [0m1.924 ms - -[0m
[0mGET /static/images/carousel/6.jpg [36m304 [0m4.015 ms - -[0m
[0mGET /static/images/carousel/5.png [36m304 [0m5.650 ms - -[0m
[0mGET /static/images/carousel/7.jpg [36m304 [0m7.881 ms - -[0m
[0mGET /getImg/ [32m200 [0m9.499 ms - -[0m
[0mGET /static/images/introduction/intro2.png [36m304 [0m1.146 ms - -[0m
[0mGET /static/images/introduction/intro1.png [36m304 [0m1.614 ms - -[0m
[0mGET /static/images/introduction/how.jpg [36m304 [0m1.611 ms - -[0m
[0mGET /static/images/carousel/3.png [36m304 [0m2.311 ms - -[0m
[0mGET /static/images/carousel/2.png [36m304 [0m2.434 ms - -[0m
[0mGET /static/images/carousel/6.jpg [36m304 [0m2.840 ms - -[0m
[0mGET /static/images/carousel/1.png [36m304 [0m0.774 ms - -[0m
[0mGET /static/images/carousel/5.png [36m304 [0m2.363 ms - -[0m
[0mGET /static/images/carousel/4.png [36m304 [0m2.318 ms - -[0m
[0mGET /static/images/carousel/7.jpg [36m304 [0m1.097 ms - -[0m
[0mGET /static/images/introduction/how.jpg [36m304 [0m2.038 ms - -[0m
[0mGET /static/images/introduction/intro1.png [36m304 [0m2.021 ms - -[0m
[0mGET /static/images/introduction/intro2.png [36m304 [0m1.972 ms - -[0m
[0mGET /getImg/ [32m200 [0m8.453 ms - -[0m
[0mGET /static/images/carousel/2.png [36m304 [0m1.894 ms - -[0m
[0mGET /static/images/carousel/1.png [36m304 [0m1.965 ms - -[0m
[0mGET /static/images/carousel/3.png [36m304 [0m4.955 ms - -[0m
[0mGET /static/images/carousel/4.png [36m304 [0m2.051 ms - -[0m
[0mGET /static/images/carousel/6.jpg [36m304 [0m1.971 ms - -[0m
[0mGET /static/images/carousel/5.png [36m304 [0m1.680 ms - -[0m
[0mGET /static/images/carousel/7.jpg [36m304 [0m0.657 ms - -[0m
[0mGET /static/images/introduction/how.jpg [36m304 [0m1.849 ms - -[0m
[0mGET /static/images/introduction/intro2.png [36m304 [0m1.722 ms - -[0m
[0mGET /static/images/introduction/intro1.png [36m304 [0m5.913 ms - -[0m
[0mGET /getImg/ [32m200 [0m8.690 ms - 42[0m
[0mGET /static/images/carousel/2.png [36m304 [0m1.670 ms - -[0m
[0mGET /static/images/carousel/1.png [36m304 [0m1.767 ms - -[0m
[0mGET /static/images/carousel/3.png [36m304 [0m2.569 ms - -[0m
[0mGET /static/images/carousel/5.png [36m304 [0m1.956 ms - -[0m
[0mGET /static/images/carousel/6.jpg [36m304 [0m2.023 ms - -[0m
[0mGET /static/images/carousel/7.jpg [36m304 [0m2.356 ms - -[0m
[0mGET /static/images/carousel/4.png [36m304 [0m1.040 ms - -[0m
[0mGET /static/images/introduction/intro1.png [36m304 [0m1.733 ms - -[0m
[0mGET /static/images/introduction/how.jpg [36m304 [0m1.970 ms - -[0m
[0mGET /static/images/introduction/intro2.png [36m304 [0m2.053 ms - -[0m
[0mGET /getImg/ [32m200 [0m6.506 ms - -[0m
[0mGET /static/images/carousel/1.png [36m304 [0m0.815 ms - -[0m
[0mGET /static/images/carousel/2.png [36m304 [0m3.166 ms - -[0m
[0mGET /static/images/carousel/3.png [36m304 [0m3.924 ms - -[0m
[0mGET /static/images/carousel/4.png [36m304 [0m2.088 ms - -[0m
[0mGET /static/images/carousel/6.jpg [36m304 [0m1.389 ms - -[0m
[0mGET /static/images/carousel/5.png [36m304 [0m1.343 ms - -[0m
[0mGET /static/images/carousel/7.jpg [36m304 [0m1.027 ms - -[0m
[0mGET /static/images/introduction/intro1.png [36m304 [0m1.088 ms - -[0m
[0mGET /static/images/introduction/how.jpg [36m304 [0m1.423 ms - -[0m
[0mGET /static/images/introduction/intro2.png [36m304 [0m1.358 ms - -[0m
[0mGET /getImg/ [32m200 [0m7.494 ms - -[0m
[0mGET /static/images/carousel/2.png [36m304 [0m1.630 ms - -[0m
[0mGET /static/images/carousel/1.png [36m304 [0m1.407 ms - -[0m
[0mGET /static/images/carousel/3.png [36m304 [0m0.906 ms - -[0m
[0mGET /static/images/carousel/4.png [36m304 [0m2.749 ms - -[0m
[0mGET /static/images/carousel/5.png [36m304 [0m1.692 ms - -[0m
[0mGET /static/images/carousel/6.jpg [36m304 [0m0.805 ms - -[0m
[0mGET /static/images/carousel/7.jpg [36m304 [0m0.643 ms - -[0m
[0mGET /static/images/introduction/intro1.png [36m304 [0m0.767 ms - -[0m
[0mGET /static/images/introduction/how.jpg [36m304 [0m0.730 ms - -[0m
[0mGET /static/images/introduction/intro2.png [36m304 [0m0.773 ms - -[0m
[0mGET /getImg/ [32m200 [0m7.116 ms - -[0m
[0mGET /static/images/carousel/1.png [36m304 [0m2.391 ms - -[0m
[0mGET /static/images/carousel/2.png [36m304 [0m2.426 ms - -[0m
[0mGET /static/images/carousel/3.png [36m304 [0m1.949 ms - -[0m
[0mGET /static/images/carousel/4.png [36m304 [0m2.512 ms - -[0m
[0mGET /static/images/carousel/5.png [36m304 [0m2.021 ms - -[0m
[0mGET /static/images/carousel/6.jpg [36m304 [0m4.587 ms - -[0m
[0mGET /static/images/carousel/7.jpg [36m304 [0m0.810 ms - -[0m
[0mGET /static/images/introduction/intro1.png [36m304 [0m0.657 ms - -[0m
[0mGET /static/images/introduction/how.jpg [36m304 [0m0.757 ms - -[0m
[0mGET /static/images/introduction/intro2.png [36m304 [0m0.667 ms - -[0m
[0mGET /getImg/ [32m200 [0m8.131 ms - 42[0m
[0mGET /static/images/carousel/1.png [36m304 [0m0.805 ms - -[0m
[0mGET /static/images/carousel/2.png [36m304 [0m0.653 ms - -[0m
[0mGET /static/images/carousel/3.png [36m304 [0m0.785 ms - -[0m
[0mGET /static/images/carousel/4.png [36m304 [0m0.569 ms - -[0m
[0mGET /static/images/carousel/5.png [36m304 [0m0.542 ms - -[0m
[0mGET /static/images/carousel/6.jpg [36m304 [0m1.815 ms - -[0m
[0mGET /static/images/carousel/7.jpg [36m304 [0m0.766 ms - -[0m
[0mGET /getImg/ [32m200 [0m9.132 ms - -[0m
[0mGET /static/images/introduction/intro2.png [36m304 [0m7.383 ms - -[0m
[0mGET /static/images/introduction/intro1.png [36m304 [0m7.818 ms - -[0m
[0mGET /static/images/introduction/how.jpg [36m304 [0m8.758 ms - -[0m
[0mGET /getImg/ [32m200 [0m15.371 ms - -[0m
[0mGET /static/images/carousel/2.png [36m304 [0m0.902 ms - -[0m
[0mGET /static/images/carousel/1.png [36m304 [0m2.426 ms - -[0m
[0mGET /static/images/carousel/3.png [36m304 [0m1.973 ms - -[0m
[0mGET /static/images/carousel/5.png [36m304 [0m0.782 ms - -[0m
[0mGET /static/images/carousel/4.png [36m304 [0m1.371 ms - -[0m
[0mGET /static/images/carousel/6.jpg [36m304 [0m3.123 ms - -[0m
[0mGET /static/images/carousel/7.jpg [36m304 [0m3.141 ms - -[0m
[0mGET /static/images/introduction/how.jpg [36m304 [0m1.783 ms - -[0m
[0mGET /static/images/introduction/intro2.png [36m304 [0m1.866 ms - -[0m
[0mGET /static/images/introduction/intro1.png [36m304 [0m1.901 ms - -[0m
[0mGET /getImg/ [32m200 [0m7.251 ms - -[0m
[0mGET /static/images/carousel/1.png [36m304 [0m1.580 ms - -[0m
[0mGET /static/images/carousel/2.png [36m304 [0m3.075 ms - -[0m
[0mGET /static/images/carousel/3.png [36m304 [0m2.088 ms - -[0m
[0mGET /static/images/carousel/4.png [36m304 [0m1.274 ms - -[0m
[0mGET /static/images/carousel/6.jpg [36m304 [0m3.903 ms - -[0m
[0mGET /static/images/carousel/5.png [36m304 [0m2.210 ms - -[0m
[0mGET /static/images/carousel/7.jpg [36m304 [0m1.535 ms - -[0m
[0mGET /static/images/introduction/how.jpg [36m304 [0m3.068 ms - -[0m
[0mGET /static/images/introduction/intro1.png [36m304 [0m3.250 ms - -[0m
[0mGET /static/images/introduction/intro2.png [36m304 [0m10.083 ms - -[0m
[0mGET /getImg/ [32m200 [0m13.475 ms - -[0m
[0mGET /static/images/carousel/1.png [36m304 [0m1.726 ms - -[0m
[0mGET /static/images/carousel/2.png [36m304 [0m1.526 ms - -[0m
[0mGET /static/images/carousel/3.png [36m304 [0m2.197 ms - -[0m
[0mGET /static/images/carousel/4.png [36m304 [0m2.467 ms - -[0m
[0mGET /static/images/carousel/5.png [36m304 [0m0.975 ms - -[0m
[0mGET /static/images/carousel/6.jpg [36m304 [0m2.109 ms - -[0m
[0mGET /static/images/carousel/7.jpg [36m304 [0m0.865 ms - -[0m
[0mGET /static/images/introduction/how.jpg [36m304 [0m2.061 ms - -[0m
[0mGET /static/images/introduction/intro2.png [36m304 [0m2.127 ms - -[0m
[0mGET /static/images/introduction/intro1.png [36m304 [0m3.826 ms - -[0m
[0mGET /getImg/ [32m200 [0m9.876 ms - -[0m
[0mGET /static/images/carousel/2.png [36m304 [0m1.739 ms - -[0m
[0mGET /static/images/carousel/3.png [36m304 [0m1.745 ms - -[0m
[0mGET /static/images/carousel/1.png [36m304 [0m2.326 ms - -[0m
[0mGET /static/images/carousel/4.png [36m304 [0m0.867 ms - -[0m
[0mGET /static/images/carousel/5.png [36m304 [0m1.330 ms - -[0m
[0mGET /static/images/carousel/6.jpg [36m304 [0m1.381 ms - -[0m
[0mGET /static/images/carousel/7.jpg [36m304 [0m1.447 ms - -[0m
[0mGET /static/images/introduction/how.jpg [36m304 [0m1.348 ms - -[0m
[0mGET /static/images/introduction/intro1.png [36m304 [0m1.485 ms - -[0m
[0mGET /static/images/introduction/intro2.png [36m304 [0m3.999 ms - -[0m
[0mGET /getImg/ [32m200 [0m7.470 ms - -[0m
[0mGET /static/images/carousel/3.png [36m304 [0m3.342 ms - -[0m
[0mGET /static/images/carousel/1.png [36m304 [0m3.467 ms - -[0m
[0mGET /static/images/carousel/4.png [36m304 [0m1.754 ms - -[0m
[0mGET /static/images/carousel/2.png [36m304 [0m1.655 ms - -[0m
[0mGET /static/images/carousel/5.png [36m304 [0m1.770 ms - -[0m
[0mGET /static/images/carousel/7.jpg [36m304 [0m2.060 ms - -[0m
[0mGET /static/images/carousel/6.jpg [36m304 [0m2.247 ms - -[0m
[0mGET /static/images/introduction/how.jpg [36m304 [0m7.768 ms - -[0m
[0mGET /static/images/introduction/intro2.png [36m304 [0m7.835 ms - -[0m
[0mGET /static/images/introduction/intro1.png [36m304 [0m8.268 ms - -[0m
[0mGET /getImg/ [32m200 [0m9.231 ms - -[0m
[0mGET /static/images/carousel/1.png [36m304 [0m0.904 ms - -[0m
[0mGET /static/images/carousel/2.png [36m304 [0m1.722 ms - -[0m
[0mGET /static/images/carousel/6.jpg [36m304 [0m4.194 ms - -[0m
[0mGET /static/images/carousel/4.png [36m304 [0m5.378 ms - -[0m
[0mGET /static/images/carousel/5.png [36m304 [0m1.289 ms - -[0m
[0mGET /static/images/carousel/3.png [36m304 [0m1.414 ms - -[0m
[0mGET /static/images/carousel/7.jpg [36m304 [0m0.830 ms - -[0m
[0mGET /static/images/introduction/intro1.png [36m304 [0m2.955 ms - -[0m
[0mGET /static/images/introduction/how.jpg [36m304 [0m3.316 ms - -[0m
[0mGET /static/images/introduction/intro2.png [36m304 [0m3.601 ms - -[0m
[0mGET /getImg/ [32m200 [0m12.115 ms - -[0m
[0mGET /static/images/carousel/2.png [36m304 [0m2.454 ms - -[0m
[0mGET /static/images/carousel/5.png [36m304 [0m2.945 ms - -[0m
[0mGET /static/images/carousel/3.png [36m304 [0m3.918 ms - -[0m
[0mGET /static/images/carousel/1.png [36m304 [0m4.765 ms - -[0m
[0mGET /static/images/carousel/4.png [36m304 [0m5.281 ms - -[0m
[0mGET /static/images/carousel/6.jpg [36m304 [0m6.029 ms - -[0m
[0mGET /static/images/carousel/7.jpg [36m304 [0m6.463 ms - -[0m
[0mGET /static/images/introduction/how.jpg [36m304 [0m1.269 ms - -[0m
[0mGET /static/images/introduction/intro1.png [36m304 [0m1.360 ms - -[0m
[0mGET /static/images/introduction/intro2.png [36m304 [0m1.313 ms - -[0m
[0mGET /getImg/ [32m200 [0m8.703 ms - -[0m
[0mGET /static/images/carousel/2.png [36m304 [0m1.352 ms - -[0m
[0mGET /static/images/carousel/1.png [36m304 [0m1.305 ms - -[0m
[0mGET /static/images/carousel/4.png [36m304 [0m1.763 ms - -[0m
[0mGET /static/images/carousel/3.png [36m304 [0m1.848 ms - -[0m
[0mGET /static/images/carousel/5.png [36m304 [0m0.883 ms - -[0m
[0mGET /static/images/carousel/7.jpg [36m304 [0m0.738 ms - -[0m
[0mGET /static/images/carousel/6.jpg [36m304 [0m0.994 ms - -[0m
[0mGET /static/images/introduction/how.jpg [36m304 [0m3.538 ms - -[0m
[0mGET /static/images/introduction/intro2.png [36m304 [0m3.764 ms - -[0m
[0mGET /static/images/introduction/intro1.png [36m304 [0m3.063 ms - -[0m
[0mGET /getImg/ [32m200 [0m11.924 ms - -[0m
[0mGET /static/images/carousel/2.png [36m304 [0m2.086 ms - -[0m
[0mGET /static/images/carousel/3.png [36m304 [0m2.319 ms - -[0m
[0mGET /static/images/carousel/1.png [36m304 [0m2.778 ms - -[0m
[0mGET /static/images/carousel/6.jpg [36m304 [0m0.894 ms - -[0m
[0mGET /static/images/carousel/4.png [36m304 [0m1.405 ms - -[0m
[0mGET /static/images/carousel/5.png [36m304 [0m3.117 ms - -[0m
[0mGET /static/images/carousel/7.jpg [36m304 [0m2.736 ms - -[0m
[0mGET /static/images/introduction/how.jpg [36m304 [0m1.798 ms - -[0m
[0mGET /static/images/introduction/intro1.png [36m304 [0m2.433 ms - -[0m
[0mGET /static/images/introduction/intro2.png [36m304 [0m2.565 ms - -[0m
[0mGET /getImg/ [32m200 [0m9.262 ms - -[0m
[0mGET /static/images/carousel/3.png [36m304 [0m2.361 ms - -[0m
[0mGET /static/images/carousel/2.png [36m304 [0m2.566 ms - -[0m
[0mGET /static/images/carousel/1.png [36m304 [0m2.944 ms - -[0m
[0mGET /static/images/carousel/4.png [36m304 [0m3.218 ms - -[0m
[0mGET /static/images/carousel/5.png [36m304 [0m1.623 ms - -[0m
[0mGET /static/images/carousel/6.jpg [36m304 [0m1.629 ms - -[0m
[0mGET /static/images/carousel/7.jpg [36m304 [0m1.966 ms - -[0m
[0mGET /static/images/introduction/intro1.png [36m304 [0m1.308 ms - -[0m
[0mGET /static/images/introduction/how.jpg [36m304 [0m1.997 ms - -[0m
[0mGET /static/images/introduction/intro2.png [36m304 [0m1.274 ms - -[0m
[0mGET /getImg/ [32m200 [0m7.189 ms - -[0m
[0mGET /static/images/carousel/1.png [36m304 [0m0.798 ms - -[0m
[0mGET /static/images/carousel/3.png [36m304 [0m3.667 ms - -[0m
[0mGET /static/images/carousel/4.png [36m304 [0m3.722 ms - -[0m
[0mGET /static/images/carousel/2.png [36m304 [0m3.712 ms - -[0m
[0mGET /static/images/carousel/7.jpg [36m304 [0m0.574 ms - -[0m
[0mGET /static/images/carousel/6.jpg [36m304 [0m1.620 ms - -[0m
[0mGET /static/images/carousel/5.png [36m304 [0m1.999 ms - -[0m
[0mGET /static/images/introduction/intro1.png [36m304 [0m0.740 ms - -[0m
[0mGET /static/images/introduction/how.jpg [36m304 [0m0.748 ms - -[0m
[0mGET /static/images/introduction/intro2.png [36m304 [0m0.605 ms - -[0m
[0mGET /getImg/ [32m200 [0m8.998 ms - -[0m
[0mGET /static/images/carousel/1.png [36m304 [0m0.844 ms - -[0m
[0mGET /static/images/carousel/2.png [36m304 [0m1.998 ms - -[0m
[0mGET /static/images/carousel/3.png [36m304 [0m1.844 ms - -[0m
[0mGET /static/images/carousel/5.png [36m304 [0m2.295 ms - -[0m
[0mGET /static/images/carousel/6.jpg [36m304 [0m3.759 ms - -[0m
[0mGET /static/images/carousel/4.png [36m304 [0m2.360 ms - -[0m
[0mGET /static/images/carousel/7.jpg [36m304 [0m2.716 ms - -[0m
[0mGET / [32m200 [0m4.072 ms - 170[0m
[0mGET /static/images/introduction/how.jpg [36m304 [0m3.100 ms - -[0m
[0mGET /static/images/introduction/intro2.png [36m304 [0m3.247 ms - -[0m
[0mGET /static/images/introduction/intro1.png [36m304 [0m1.940 ms - -[0m
[0mGET /getImg/ [32m200 [0m6.971 ms - -[0m
[0mGET /static/images/carousel/5.png [36m304 [0m1.857 ms - -[0m
[0mGET /static/images/carousel/4.png [36m304 [0m2.440 ms - -[0m
[0mGET /static/images/carousel/2.png [36m304 [0m3.402 ms - -[0m
[0mGET /static/images/carousel/1.png [36m304 [0m0.781 ms - -[0m
[0mGET /static/images/carousel/3.png [36m304 [0m1.224 ms - -[0m
[0mGET /static/images/carousel/6.jpg [36m304 [0m1.239 ms - -[0m
[0mGET /static/images/carousel/7.jpg [36m304 [0m0.781 ms - -[0m
[0mGET / [32m200 [0m5.019 ms - 170[0m
[0mGET / [32m200 [0m4.847 ms - 170[0m
[0mGET / [32m200 [0m4.766 ms - 170[0m
[0mGET / [32m200 [0m4.206 ms - 170[0m
[0mGET / [32m200 [0m5.792 ms - 170[0m
[0mGET / [32m200 [0m5.221 ms - 170[0m
[0mGET / [32m200 [0m3.298 ms - 170[0m
[0mGET / [32m200 [0m4.319 ms - 170[0m
[0mGET / [32m200 [0m4.467 ms - 170[0m
[0mGET / [32m200 [0m5.189 ms - 170[0m
[0mGET / [32m200 [0m4.525 ms - 170[0m
[0mGET / [32m200 [0m4.496 ms - 170[0m
[0mGET / [32m200 [0m3.507 ms - 170[0m
[0mGET / [32m200 [0m5.039 ms - 170[0m
[0mGET / [32m200 [0m4.319 ms - 170[0m
[0mGET / [32m200 [0m5.541 ms - 170[0m
[0mGET / [32m200 [0m4.849 ms - 170[0m
[0mGET / [32m200 [0m4.721 ms - 170[0m
[0mGET / [32m200 [0m4.652 ms - 170[0m
[0mGET / [32m200 [0m6.556 ms - 170[0m
[0mGET / [32m200 [0m5.350 ms - 170[0m
[0mGET / [32m200 [0m4.378 ms - 170[0m
[0mGET / [32m200 [0m4.381 ms - 170[0m
[0mGET / [32m200 [0m3.366 ms - 170[0m
[0mGET /static/images/introduction/intro1.png [36m304 [0m1.109 ms - -[0m
[0mGET /static/images/introduction/how.jpg [36m304 [0m0.901 ms - -[0m
[0mGET /static/images/introduction/intro2.png [36m304 [0m0.892 ms - -[0m
[0mGET /static/images/carousel/1.png [36m304 [0m2.135 ms - -[0m
[0mGET /static/images/carousel/2.png [36m304 [0m2.209 ms - -[0m
[0mGET /static/images/carousel/3.png [36m304 [0m0.937 ms - -[0m
[0mGET /static/images/carousel/4.png [36m304 [0m1.341 ms - -[0m
[0mGET /static/images/carousel/7.jpg [36m304 [0m1.805 ms - -[0m
[0mGET /static/images/carousel/5.png [36m304 [0m1.413 ms - -[0m
[0mGET /static/images/carousel/6.jpg [36m304 [0m4.020 ms - -[0m
[0mGET / [32m200 [0m4.333 ms - 170[0m
[0mGET / [32m200 [0m5.577 ms - 170[0m
[0mGET http://www.qq.com/404/search_children.js [33m404 [0m8.012 ms - 1253[0m
[0mHEAD http://httpbin.org/get?show_env=1 [33m404 [0m5.695 ms - 1253[0m
[0mGET / [32m200 [0m4.483 ms - 170[0m
[0mGET / [32m200 [0m3.578 ms - 170[0m
[0mGET / [32m200 [0m4.537 ms - 170[0m
[0mGET / [32m200 [0m4.297 ms - 170[0m
[0mGET / [32m200 [0m3.683 ms - 170[0m
[0mGET / [32m200 [0m3.959 ms - 170[0m
[0mOPTIONS /search [32m204 [0m0.713 ms - 0[0m
{ seq: 'AAAAAAAA', method: 1 }
[0mPOST /search [32m200 [0m16.176 ms - 1249[0m
[0mGET / [32m200 [0m4.387 ms - 170[0m
[0mGET / [32m200 [0m5.144 ms - 170[0m
[0mGET / [32m200 [0m4.038 ms - 170[0m
[0mGET / [32m200 [0m4.453 ms - 170[0m
[0mGET / [32m200 [0m4.269 ms - 170[0m
[0mGET / [32m200 [0m3.507 ms - 170[0m
[0mGET / [32m200 [0m4.660 ms - 170[0m
[0mGET / [32m200 [0m4.614 ms - 170[0m
[0mGET / [32m200 [0m3.513 ms - 170[0m
[0mGET / [32m200 [0m3.863 ms - 170[0m
[0mGET / [32m200 [0m4.442 ms - 170[0m
[0mGET / [32m200 [0m4.473 ms - 170[0m
[0mGET / [32m200 [0m3.679 ms - 170[0m
[0mGET / [32m200 [0m7.493 ms - 170[0m
[0mGET / [32m200 [0m4.097 ms - 170[0m
[0mGET / [32m200 [0m3.406 ms - 170[0m
[0mGET / [32m200 [0m4.382 ms - 170[0m
[0mGET / [32m200 [0m4.483 ms - 170[0m
[0mGET http://clientapi.ipip.net/echo.php?info=20210922045915 [33m404 [0m4.073 ms - 1253[0m
[0mGET / [32m200 [0m3.523 ms - 170[0m
[0mGET / [32m200 [0m4.553 ms - 170[0m
[0mGET http://www.qq.com/404/search_children.js [33m404 [0m7.221 ms - 1253[0m
[0mGET / [32m200 [0m4.874 ms - 170[0m
[0mGET / [32m200 [0m4.839 ms - 170[0m
[0mGET / [32m200 [0m4.212 ms - 170[0m
[0mGET / [32m200 [0m3.505 ms - 170[0m
[0mGET / [32m200 [0m4.202 ms - 170[0m
[0mGET / [32m200 [0m4.683 ms - 170[0m
[0mHEAD http://112.124.42.80:63435/ [32m200 [0m4.139 ms - 170[0m
[0mGET / [32m200 [0m3.501 ms - 170[0m
[0mGET / [32m200 [0m4.247 ms - 170[0m
[0mGET / [32m200 [0m5.498 ms - 170[0m
[0mGET / [32m200 [0m4.296 ms - 170[0m
[0mGET / [32m200 [0m4.333 ms - 170[0m
[0mGET / [32m200 [0m4.507 ms - 170[0m
[0mGET http://fuwu.sogou.com/404/index.html [33m404 [0m5.060 ms - 1253[0m
[0mGET http://fuwu.sogou.com/404/index.html [33m404 [0m5.226 ms - 1253[0m
[0mGET / [32m200 [0m4.250 ms - 170[0m
[0mGET / [32m200 [0m4.118 ms - 170[0m
[0mHEAD / [32m200 [0m3.780 ms - 170[0m
[0mGET /system_api.php [33m404 [0m4.943 ms - 1253[0m
[0mGET /c/version.js [33m404 [0m4.716 ms - 1253[0m
[0mGET /streaming/clients_live.php [33m404 [0m4.061 ms - 1253[0m
[0mGET /stalker_portal/c/version.js [33m404 [0m4.131 ms - 1253[0m
[0mGET /stream/live.php [33m404 [0m5.804 ms - 1253[0m
[0mGET /flu/403.html [33m404 [0m7.950 ms - 1253[0m
[0mGET / [32m200 [0m4.326 ms - 170[0m
[0mGET / [32m200 [0m4.137 ms - 170[0m
[0mGET / [32m200 [0m4.423 ms - 170[0m
[0mGET / [32m200 [0m5.349 ms - 170[0m
[0mGET / [32m200 [0m3.556 ms - 170[0m
[0mGET / [32m200 [0m4.053 ms - 170[0m
[0mPOST /sdk [33m404 [0m4.510 ms - 1253[0m
[0mGET /nmaplowercheck1632455848 [33m404 [0m10.379 ms - 1253[0m
[0mGET /HNAP1 [33m404 [0m4.440 ms - 1253[0m
[0mGET /evox/about [33m404 [0m4.767 ms - 1253[0m
[0mGET / [32m200 [0m4.263 ms - 170[0m
[0mGET / [32m200 [0m3.620 ms - 170[0m
[0mGET / [32m200 [0m4.078 ms - 170[0m
[0mGET / [32m200 [0m4.548 ms - 170[0m
[0mGET / [32m200 [0m3.539 ms - 170[0m
[0mGET / [32m200 [0m4.328 ms - 170[0m
[0mGET / [32m200 [0m6.116 ms - 170[0m
[0mGET / [32m200 [0m3.572 ms - 170[0m
[0mGET / [32m200 [0m6.601 ms - 170[0m
[0mGET / [32m200 [0m4.353 ms - 170[0m
[0mGET / [32m200 [0m4.243 ms - 170[0m
[0mGET / [32m200 [0m5.416 ms - 170[0m
[0mGET / [32m200 [0m4.385 ms - 170[0m
[0mGET / [32m200 [0m6.599 ms - 170[0m
[0mGET / [32m200 [0m4.413 ms - 170[0m
[0mGET / [32m200 [0m4.841 ms - 170[0m
[0mGET / [32m200 [0m4.353 ms - 170[0m
[0mGET / [32m200 [0m3.516 ms - 170[0m
[0mGET /nmaplowercheck1632548349 [33m404 [0m4.735 ms - 1253[0m
[0mGET /HNAP1 [33m404 [0m4.630 ms - 1253[0m
[0mGET /evox/about [33m404 [0m4.585 ms - 1253[0m
[0mGET / [32m200 [0m3.508 ms - 170[0m
[0mPOST /sdk [33m404 [0m4.486 ms - 1253[0m
[0mGET / [32m200 [0m4.475 ms - 170[0m
[0mGET / [32m200 [0m3.260 ms - 170[0m
[0mGET / [32m200 [0m4.474 ms - 170[0m
[0mGET / [32m200 [0m6.576 ms - 170[0m
[0mGET / [32m200 [0m3.758 ms - 170[0m
[0mGET / [32m200 [0m4.333 ms - 170[0m
[0mGET / [32m200 [0m5.947 ms - 170[0m
[0mGET / [32m200 [0m4.907 ms - 170[0m
[0mGET /favicon.ico [33m404 [0m4.097 ms - 1253[0m
[0mGET / [32m200 [0m3.472 ms - 170[0m
[0mGET / [32m200 [0m4.245 ms - 170[0m
[0mGET / [32m200 [0m4.662 ms - 170[0m
[0mGET / [32m200 [0m4.496 ms - 170[0m
[0mGET /favicon.ico [33m404 [0m4.691 ms - 1253[0m
[0mGET / [32m200 [0m4.281 ms - 170[0m
[0mGET / [32m200 [0m3.647 ms - 170[0m
[0mGET / [32m200 [0m4.569 ms - 170[0m
[0mGET / [32m200 [0m7.712 ms - 170[0m
[0mGET / [32m200 [0m3.971 ms - 170[0m
[0mGET / [32m200 [0m6.822 ms - 170[0m
[0mGET / [32m200 [0m7.243 ms - 170[0m
[0mGET / [32m200 [0m3.417 ms - 170[0m
[0mGET http://www.qq.com/404/search_children.js [33m404 [0m5.158 ms - 1253[0m
[0mGET / [32m200 [0m8.045 ms - 170[0m
[0mGET / [32m200 [0m3.323 ms - 170[0m
[0mPOST /sdk [33m404 [0m3.549 ms - 1253[0m
[0mGET / [32m200 [0m4.484 ms - 170[0m
[0mGET /nmaplowercheck1632644299 [33m404 [0m4.870 ms - 1253[0m
[0mGET /evox/about [33m404 [0m3.657 ms - 1253[0m
[0mGET /HNAP1 [33m404 [0m4.472 ms - 1253[0m
[0mGET / [32m200 [0m4.334 ms - 170[0m
[0mGET / [32m200 [0m3.937 ms - 170[0m
[0mGET / [32m200 [0m3.522 ms - 170[0m
[0mGET / [32m200 [0m4.286 ms - 170[0m
[0mGET / [32m200 [0m4.883 ms - 170[0m
[0mGET / [32m200 [0m3.702 ms - 170[0m
[0mGET / [32m200 [0m6.183 ms - 170[0m
[0mGET / [32m200 [0m4.480 ms - 170[0m
[0mGET / [32m200 [0m4.134 ms - 170[0m
[0mGET / [32m200 [0m3.805 ms - 170[0m
[0mGET / [32m200 [0m4.290 ms - 170[0m
[0mGET / [32m200 [0m3.614 ms - 170[0m
[0mGET / [32m200 [0m4.150 ms - 170[0m
[0mGET / [32m200 [0m4.550 ms - 170[0m
[0mPOST /sdk [33m404 [0m8.482 ms - 1253[0m
[0mGET /nmaplowercheck1632717583 [33m404 [0m4.349 ms - 1253[0m
[0mGET /HNAP1 [33m404 [0m4.440 ms - 1253[0m
[0mGET /evox/about [33m404 [0m5.995 ms - 1253[0m
[0mGET / [32m200 [0m4.470 ms - 170[0m
[0mGET / [32m200 [0m3.324 ms - 170[0m
[0mGET http://clientapi.ipip.net/echo.php?info=20210927064326 [33m404 [0m4.707 ms - 1253[0m
[0mGET / [32m200 [0m4.363 ms - 170[0m
[0mGET / [32m200 [0m4.416 ms - 170[0m
[0mGET /favicon.ico [33m404 [0m4.075 ms - 1253[0m
[0mGET /robots.txt [33m404 [0m4.315 ms - 1253[0m
[0mGET / [32m200 [0m4.503 ms - 170[0m
[0mGET / [32m200 [0m3.639 ms - 170[0m
[0mGET / [32m200 [0m3.647 ms - 170[0m
[0mGET / [32m200 [0m4.603 ms - 170[0m
[0mGET / [32m200 [0m4.668 ms - 170[0m
[0mGET / [32m200 [0m3.341 ms - 170[0m
[0mPOST /sdk [33m404 [0m5.351 ms - 1253[0m
[0mGET /nmaplowercheck1632784871 [33m404 [0m11.225 ms - 1253[0m
[0mGET /HNAP1 [33m404 [0m4.711 ms - 1253[0m
[0mGET / [32m200 [0m3.449 ms - 170[0m
[0mGET /evox/about [33m404 [0m4.834 ms - 1253[0m
[0mGET / [32m200 [0m4.316 ms - 170[0m
[0mGET / [32m200 [0m3.536 ms - 170[0m
[0mGET / [32m200 [0m5.992 ms - 170[0m
[0mPOST http://proxy.kagda.ru/myip2.php?Z70487776432Q1 [33m404 [0m5.289 ms - 1253[0m
[0mGET / [32m200 [0m4.259 ms - 170[0m
[0mPOST /sdk [33m404 [0m3.832 ms - 1253[0m
[0mGET / [32m200 [0m3.928 ms - 170[0m
[0mGET /nmaplowercheck1632811715 [33m404 [0m8.173 ms - 1253[0m
[0mGET /HNAP1 [33m404 [0m4.461 ms - 1253[0m
[0mGET /evox/about [33m404 [0m4.825 ms - 1253[0m
[0mGET / [32m200 [0m4.065 ms - 170[0m
[0mGET / [32m200 [0m4.387 ms - 170[0m
[0mGET / [32m200 [0m6.260 ms - 170[0m
[0mGET / [32m200 [0m5.067 ms - 170[0m
[0mGET /getImg/ [32m200 [0m8.598 ms - 42[0m
[0mGET /static/images/introduction/intro1.png [32m200 [0m2.263 ms - 32481[0m
[0mGET /static/images/introduction/how.jpg [32m200 [0m4.438 ms - 323893[0m
[0mGET /static/images/carousel/3.png [32m200 [0m4.894 ms - 323069[0m
[0mGET /static/images/carousel/5.png [32m200 [0m1.436 ms - 337720[0m
[0mGET /static/images/carousel/4.png [32m200 [0m4.710 ms - 384517[0m
[0mGET /static/images/carousel/7.jpg [32m200 [0m1.046 ms - 137035[0m
[0mGET /static/images/carousel/6.jpg [32m200 [0m1.055 ms - 141661[0m
[0mGET /static/images/carousel/1.png [32m200 [0m6.399 ms - 591812[0m
[0mGET /static/images/carousel/2.png [32m200 [0m8.052 ms - 367235[0m
[0mGET /static/images/introduction/intro2.png [32m200 [0m3.782 ms - 948123[0m
[0mGET http://5.188.210.227/echo.php [33m404 [0m5.209 ms - 1253[0m
[0mGET / [32m200 [0m5.177 ms - 170[0m
[0mGET / [32m200 [0m4.843 ms - 170[0m
[0mGET / [32m200 [0m4.515 ms - 170[0m
[0mGET / [32m200 [0m4.891 ms - 170[0m
[0mGET / [32m200 [0m4.083 ms - 170[0m
[0mGET /explicit_not_exist_path [33m404 [0m5.085 ms - 1253[0m
[0mGET /admin/ [33m404 [0m3.908 ms - 1253[0m
[0mGET /robots.txt [33m404 [0m5.557 ms - 1253[0m
[0mGET /favicon.ico [33m404 [0m5.833 ms - 1253[0m
[0mGET /login/img/product_logo.png [33m404 [0m4.806 ms - 1253[0m
[0mGET /images/ofbiz.ico [33m404 [0m4.091 ms - 1253[0m
[0mGET /phpMyAdmin/ [33m404 [0m4.659 ms - 1253[0m
[0mGET /phpmyadmin/ [33m404 [0m6.839 ms - 1253[0m
[0mGET /wcm/ [33m404 [0m4.462 ms - 1253[0m
[0mGET / [32m200 [0m4.141 ms - 170[0m
[0mGET / [32m200 [0m5.388 ms - 170[0m
[0mGET / [32m200 [0m4.328 ms - 170[0m
[0mGET /stylesheets/style.css [33m404 [0m3.752 ms - 1253[0m
[0mGET / [32m200 [0m3.686 ms - 170[0m
[0mGET / [32m200 [0m4.601 ms - 170[0m
[0mGET / [32m200 [0m3.573 ms - 170[0m
[0mGET / [32m200 [0m3.489 ms - 170[0m
[0mGET / [32m200 [0m5.115 ms - 170[0m
[0mGET / [32m200 [0m4.463 ms - 170[0m
[0mGET / [0m- [0m- ms - -[0m
[0mGET / [32m200 [0m4.313 ms - 170[0m
[0mGET /.DS_Store [33m404 [0m5.733 ms - 1253[0m
[0mGET / [32m200 [0m4.529 ms - 170[0m
[0mGET / [32m200 [0m7.156 ms - 170[0m
[0mGET / [32m200 [0m5.184 ms - 170[0m
[0mGET / [32m200 [0m4.211 ms - 170[0m
[0mGET / [32m200 [0m3.922 ms - 170[0m
[0mGET / [32m200 [0m4.281 ms - 170[0m
[0mGET / [32m200 [0m4.267 ms - 170[0m
[0mGET / [32m200 [0m3.489 ms - 170[0m
[0mGET / [32m200 [0m4.014 ms - 170[0m
[0mGET /favicon.ico [33m404 [0m4.966 ms - 1253[0m
[0mGET / [32m200 [0m3.363 ms - 170[0m
[0mGET / [32m200 [0m4.087 ms - 170[0m
[0mGET / [32m200 [0m4.347 ms - 170[0m
[0mGET / [32m200 [0m3.659 ms - 170[0m
[0mGET / [32m200 [0m3.414 ms - 170[0m
[0mGET / [32m200 [0m4.470 ms - 170[0m
[0mGET http://example.com/ [32m200 [0m4.277 ms - 170[0m
[0mGET http://www.qq.com/404/search_children.js [33m404 [0m4.707 ms - 1253[0m
[0mGET / [32m200 [0m4.124 ms - 170[0m
[0mGET / [32m200 [0m4.541 ms - 170[0m
[0mGET / [32m200 [0m4.147 ms - 170[0m
[0mGET / [32m200 [0m4.211 ms - 170[0m
[0mGET http://example.com/ [32m200 [0m4.121 ms - 170[0m
[0mGET http://fuwu.sogou.com/404/index.html [33m404 [0m5.229 ms - 1253[0m
[0mGET http://fuwu.sogou.com/404/index.html [33m404 [0m3.758 ms - 1253[0m
[0mGET / [32m200 [0m6.805 ms - 170[0m
[0mGET / [32m200 [0m4.420 ms - 170[0m
[0mGET / [32m200 [0m4.554 ms - 170[0m
[0mGET / [32m200 [0m3.593 ms - 170[0m
[0mGET / [32m200 [0m4.428 ms - 170[0m
[0mGET / [32m200 [0m4.558 ms - 170[0m
[0mGET / [32m200 [0m3.593 ms - 170[0m
[0mGET /explicit_not_exist_path [33m404 [0m4.606 ms - 1253[0m
[0mGET /admin/ [33m404 [0m5.445 ms - 1253[0m
[0mGET /robots.txt [33m404 [0m5.092 ms - 1253[0m
[0mGET /favicon.ico [33m404 [0m3.721 ms - 1253[0m
[0mGET /login/img/product_logo.png [33m404 [0m4.620 ms - 1253[0m
[0mGET /images/ofbiz.ico [33m404 [0m4.711 ms - 1253[0m
[0mGET /phpMyAdmin/ [33m404 [0m3.810 ms - 1253[0m
[0mGET /phpmyadmin/ [33m404 [0m4.380 ms - 1253[0m
[0mGET /wcm/ [33m404 [0m4.474 ms - 1253[0m
[0mGET / [32m200 [0m4.502 ms - 170[0m
[0mGET / [32m200 [0m3.316 ms - 170[0m
[0mGET / [32m200 [0m4.425 ms - 170[0m
[0mGET http://guilvp.gzlex.com/currentTime?uid=20993755&token=AD7ic3y2K2OJLbLgozKWhw%3D%3D&branchNo=0&fundAccount=500256338&version=2.1.1&client=iOS&deviceId=72A1D062-B852-49AF-A8E0-2E2D1B964C4C&timestamp=1627044448745&encrypt=1&appkey=gl_ios_84f71b101ce&signcode=E6100FD32F70782AFFE577617868553F [33m404 [0m4.663 ms - 1253[0m
[0mGET / [32m200 [0m3.337 ms - 170[0m
[0mGET / [32m200 [0m4.221 ms - 170[0m
[0mGET /favicon.ico [33m404 [0m5.397 ms - 1253[0m
[0mGET /robots.txt [33m404 [0m6.182 ms - 1253[0m
[0mGET / [32m200 [0m3.249 ms - 170[0m
[0mGET / [32m200 [0m4.190 ms - 170[0m
[0mGET / [32m200 [0m4.226 ms - 170[0m
[0mGET / [32m200 [0m6.287 ms - 170[0m
[0mGET / [32m200 [0m4.353 ms - 170[0m
[0mGET / [32m200 [0m4.976 ms - 170[0m
[0mGET /favicon.ico [33m404 [0m4.232 ms - 1253[0m
[0mGET / [32m200 [0m4.078 ms - 170[0m
[0mGET /favicon.ico [33m404 [0m4.902 ms - 1253[0m
[0mGET / [32m200 [0m3.678 ms - 170[0m
[0mGET / [32m200 [0m3.377 ms - 170[0m
[0mGET / [32m200 [0m4.169 ms - 170[0m
[0mGET / [32m200 [0m4.331 ms - 170[0m
[0mGET / [32m200 [0m3.340 ms - 170[0m
[0mGET / [32m200 [0m4.070 ms - 170[0m
[0mGET /nmaplowercheck1633250615 [33m404 [0m4.675 ms - 1253[0m
[0mGET / [32m200 [0m3.399 ms - 170[0m
[0mGET /HNAP1 [33m404 [0m4.520 ms - 1253[0m
[0mPOST /sdk [33m404 [0m4.252 ms - 1253[0m
[0mGET /evox/about [33m404 [0m4.695 ms - 1253[0m
[0mGET / [32m200 [0m3.495 ms - 170[0m
[0mGET / [32m200 [0m4.167 ms - 170[0m
[0mGET / [32m200 [0m4.564 ms - 170[0m
[0mGET / [32m200 [0m3.320 ms - 170[0m
[0mGET / [32m200 [0m4.982 ms - 170[0m
[0mGET / [32m200 [0m4.300 ms - 170[0m
[0mGET / [32m200 [0m4.525 ms - 170[0m
[0mGET http://clientapi.ipip.net/echo.php?info=20211003145012 [33m404 [0m5.225 ms - 1253[0m
[0mGET http://wall.angelsword.cc/lixuan.php [33m404 [0m5.328 ms - 1253[0m
[0mGET http://wall.angelsword.cc/lixuan.php [33m404 [0m6.369 ms - 1253[0m
[0mGET / [32m200 [0m3.343 ms - 170[0m
[0mGET /nmaplowercheck1633308929 [33m404 [0m5.842 ms - 1253[0m
[0mGET / [32m200 [0m11.721 ms - 170[0m
[0mGET /evox/about [33m404 [0m9.188 ms - 1253[0m
[0mPOST /sdk [33m404 [0m3.970 ms - 1253[0m
[0mGET /HNAP1 [33m404 [0m5.784 ms - 1253[0m
[0mGET / [32m200 [0m4.241 ms - 170[0m
[0mGET / [32m200 [0m3.168 ms - 170[0m
[0mGET / [32m200 [0m4.723 ms - 170[0m
[0mGET / [32m200 [0m7.698 ms - 170[0m
[0mGET http://wall.angelsword.cc/lixuan.php [33m404 [0m3.875 ms - 1253[0m
[0mGET / [32m200 [0m3.505 ms - 170[0m
[0mGET / [32m200 [0m4.620 ms - 170[0m
[0mGET http://wall.angelsword.cc/lixuan.php [33m404 [0m4.953 ms - 1253[0m
[0mGET / [32m200 [0m3.494 ms - 170[0m
[0mGET / [32m200 [0m5.028 ms - 170[0m
[0mGET / [32m200 [0m4.464 ms - 170[0m
[0mGET / [32m200 [0m5.022 ms - 170[0m
[0mGET / [32m200 [0m3.201 ms - 170[0m
[0mGET / [32m200 [0m4.793 ms - 170[0m
[0mGET /nmaplowercheck1633413336 [33m404 [0m9.601 ms - 1253[0m
[0mGET /HNAP1 [33m404 [0m4.841 ms - 1253[0m
[0mGET /evox/about [33m404 [0m4.408 ms - 1253[0m
[0mPOST /sdk [33m404 [0m4.219 ms - 1253[0m
[0mGET / [32m200 [0m4.299 ms - 170[0m
[0mGET / [32m200 [0m3.512 ms - 170[0m
[0mGET / [32m200 [0m4.938 ms - 170[0m
[0mGET / [32m200 [0m4.332 ms - 170[0m
[0mGET / [32m200 [0m3.563 ms - 170[0m
[0mGET http://clientapi.ipip.net/echo.php?info=20211005131651 [33m404 [0m7.655 ms - 1253[0m
[0mGET / [32m200 [0m4.527 ms - 170[0m
[0mGET / [32m200 [0m4.160 ms - 170[0m
[0mGET / [32m200 [0m4.147 ms - 170[0m
[0mGET / [32m200 [0m4.857 ms - 170[0m
[0mGET /favicon.ico [33m404 [0m4.650 ms - 1253[0m
[0mGET /robots.txt [33m404 [0m3.842 ms - 1253[0m
[0mGET / [32m200 [0m4.712 ms - 170[0m
[0mGET /favicon.ico [33m404 [0m4.472 ms - 1253[0m
[0mGET /robots.txt [33m404 [0m3.449 ms - 1253[0m
[0mGET /sitemap.xml [33m404 [0m4.097 ms - 1253[0m
[0mHEAD http://112.124.42.80:63435/ [32m200 [0m4.159 ms - 170[0m
[0mGET http://www.qq.com/404/search_children.js [33m404 [0m4.630 ms - 1253[0m
[0mGET / [32m200 [0m3.448 ms - 170[0m
[0mGET /favicon.ico [33m404 [0m3.627 ms - 1253[0m
[0mGET / [32m200 [0m4.465 ms - 170[0m
[0mGET / [32m200 [0m4.278 ms - 170[0m
[0mGET / [32m200 [0m3.553 ms - 170[0m
[0mGET / [32m200 [0m4.282 ms - 170[0m
[0mGET / [32m200 [0m4.145 ms - 170[0m
[0mGET / [32m200 [0m3.385 ms - 170[0m
[0mGET / [32m200 [0m4.393 ms - 170[0m
[0mGET /favicon.ico [33m404 [0m4.984 ms - 1253[0m
[0mGET / [32m200 [0m3.726 ms - 170[0m
[0mGET / [32m200 [0m4.051 ms - 170[0m
[0mGET http://5.188.210.227/echo.php [33m404 [0m4.572 ms - 1253[0m
[0mGET / [32m200 [0m4.749 ms - 170[0m
[0mGET / [32m200 [0m3.070 ms - 170[0m
[0mGET / [32m200 [0m4.172 ms - 170[0m
[0mGET / [32m200 [0m3.987 ms - 170[0m
[0mGET / [32m200 [0m3.410 ms - 170[0m
[0mGET http://fuwu.sogou.com/404/index.html [33m404 [0m5.029 ms - 1253[0m
[0mGET http://fuwu.sogou.com/404/index.html [33m404 [0m9.129 ms - 1253[0m
[0mGET / [32m200 [0m3.605 ms - 170[0m
[0mGET / [32m200 [0m3.462 ms - 170[0m
[0mGET / [32m200 [0m4.531 ms - 170[0m
[0mGET / [32m200 [0m3.714 ms - 170[0m
[0mGET /favicon.ico [33m404 [0m3.714 ms - 1253[0m
[0mGET / [32m200 [0m4.050 ms - 170[0m
[0mGET / [32m200 [0m4.523 ms - 170[0m
[0mGET / [32m200 [0m3.137 ms - 170[0m
[0mGET / [32m200 [0m3.437 ms - 170[0m
[0mGET /nmaplowercheck1633661750 [33m404 [0m4.570 ms - 1253[0m
[0mGET /evox/about [33m404 [0m4.255 ms - 1253[0m
[0mGET /HNAP1 [33m404 [0m3.587 ms - 1253[0m
[0mGET / [32m200 [0m4.096 ms - 170[0m
[0mPOST /sdk [33m404 [0m4.529 ms - 1253[0m
[0mGET / [32m200 [0m3.724 ms - 170[0m
[0mGET / [32m200 [0m4.044 ms - 170[0m
[0mGET / [32m200 [0m4.579 ms - 170[0m
[0mGET / [32m200 [0m3.844 ms - 170[0m
[0mGET / [32m200 [0m3.477 ms - 170[0m
[0mGET / [32m200 [0m7.075 ms - 170[0m
[0mGET / [32m200 [0m4.178 ms - 170[0m
[0mGET http://wall.angelsword.cc/lixuan.php [33m404 [0m4.913 ms - 1253[0m
[0mGET / [32m200 [0m5.682 ms - 170[0m
[0mGET / [32m200 [0m4.778 ms - 170[0m
[0mGET / [32m200 [0m4.336 ms - 170[0m
[0mGET /favicon.ico [33m404 [0m3.980 ms - 1253[0m
[0mGET http://clientapi.ipip.net/echo.php?info=20211009150446 [33m404 [0m7.642 ms - 1253[0m
[0mPOST http://proxy.kagda.ru/myip2.php?Z70487776432Q1 [33m404 [0m5.013 ms - 1253[0m
[0mHEAD http://110.242.68.4/ [32m200 [0m4.714 ms - 170[0m
[0mGET http://www.minghui.org/ [32m200 [0m3.328 ms - 170[0m
[0mGET http://www.soso.com/ [32m200 [0m4.399 ms - 170[0m
[0mGET http://www.wujieliulan.com/ [32m200 [0m4.274 ms - 170[0m
[0mGET http://www.epochtimes.com/ [32m200 [0m3.476 ms - 170[0m
[0mGET http://www.rfa.org/english/ [33m404 [0m4.556 ms - 1253[0m
[0mGET http://dongtaiwang.com/ [32m200 [0m6.269 ms - 170[0m
[0mGET / [32m200 [0m3.226 ms - 170[0m
[0mGET /favicon.ico [33m404 [0m5.267 ms - 1253[0m
[0mGET / [32m200 [0m5.141 ms - 170[0m
[0mGET / [32m200 [0m3.942 ms - 170[0m
[0mGET / [32m200 [0m3.196 ms - 170[0m
[0mGET /nmaplowercheck1633852236 [33m404 [0m6.360 ms - 1253[0m
[0mGET /HNAP1 [33m404 [0m4.442 ms - 1253[0m
[0mGET /evox/about [33m404 [0m4.541 ms - 1253[0m
[0mGET / [32m200 [0m3.258 ms - 170[0m
[0mPOST /sdk [33m404 [0m4.947 ms - 1253[0m
[0mGET / [32m200 [0m5.058 ms - 170[0m
[0mGET / [32m200 [0m3.279 ms - 170[0m
[0mGET / [32m200 [0m4.292 ms - 170[0m
[0mGET / [32m200 [0m4.350 ms - 170[0m
[0mGET / [32m200 [0m4.089 ms - 170[0m
[0mGET / [32m200 [0m4.486 ms - 170[0m
[0mGET / [32m200 [0m5.283 ms - 170[0m
[0mGET / [32m200 [0m3.344 ms - 170[0m
[0mGET http://www.qq.com/404/search_children.js [33m404 [0m4.905 ms - 1253[0m
[0mGET / [32m200 [0m3.333 ms - 170[0m
[0mGET / [32m200 [0m4.196 ms - 170[0m
[0mGET / [32m200 [0m4.350 ms - 170[0m
[0mPOST /sdk [33m404 [0m3.371 ms - 1253[0m
[0mGET /nmaplowercheck1633936705 [33m404 [0m4.955 ms - 1253[0m
[0mGET /HNAP1 [33m404 [0m4.652 ms - 1253[0m
[0mGET /evox/about [33m404 [0m5.393 ms - 1253[0m
[0mGET / [32m200 [0m4.114 ms - 170[0m
[0mGET / [32m200 [0m4.226 ms - 170[0m
[0mGET / [32m200 [0m4.526 ms - 170[0m
[0mGET / [32m200 [0m3.723 ms - 170[0m
[0mGET / [32m200 [0m3.603 ms - 170[0m
[0mGET / [32m200 [0m4.290 ms - 170[0m
[0mGET / [32m200 [0m4.270 ms - 170[0m
[0mGET / [32m200 [0m3.400 ms - 170[0m
[0mGET / [32m200 [0m4.328 ms - 170[0m
[0mGET / [32m200 [0m3.901 ms - 170[0m
[0mGET / [32m200 [0m3.213 ms - 170[0m
[0mGET / [32m200 [0m4.376 ms - 170[0m
[0mGET / [32m200 [0m3.426 ms - 170[0m
[0mGET / [32m200 [0m3.440 ms - 170[0m
[0mGET / [32m200 [0m4.243 ms - 170[0m
[0mGET / [32m200 [0m4.605 ms - 170[0m
[0mGET /nmaplowercheck1634011137 [33m404 [0m3.869 ms - 1253[0m
[0mGET /HNAP1 [33m404 [0m4.551 ms - 1253[0m
[0mGET /evox/about [33m404 [0m6.139 ms - 1253[0m
[0mGET / [32m200 [0m3.528 ms - 170[0m
[0mPOST /sdk [33m404 [0m4.416 ms - 1253[0m
[0mGET / [32m200 [0m4.760 ms - 170[0m
[0mGET / [32m200 [0m3.732 ms - 170[0m
[0mGET / [32m200 [0m3.309 ms - 170[0m
[0mGET / [32m200 [0m4.308 ms - 170[0m
[0mGET http://www.qq.com/404/search_children.js [33m404 [0m5.109 ms - 1253[0m
[0mGET / [32m200 [0m3.518 ms - 170[0m
[0mGET / [32m200 [0m6.674 ms - 170[0m
